TN:
SF:lib/core/component.ts
FN:15,(anonymous_0)
FN:26,(anonymous_1)
FN:33,(anonymous_2)
FN:46,(anonymous_3)
FN:59,(anonymous_4)
FN:65,(anonymous_5)
FN:70,(anonymous_6)
FN:85,(anonymous_7)
FN:89,(anonymous_8)
FN:91,(anonymous_9)
FNF:10
FNH:0
FNDA:0,(anonymous_0)
FNDA:0,(anonymous_1)
FNDA:0,(anonymous_2)
FNDA:0,(anonymous_3)
FNDA:0,(anonymous_4)
FNDA:0,(anonymous_5)
FNDA:0,(anonymous_6)
FNDA:0,(anonymous_7)
FNDA:0,(anonymous_8)
FNDA:0,(anonymous_9)
DA:7,0
DA:8,0
DA:9,0
DA:10,0
DA:11,0
DA:12,0
DA:13,0
DA:15,0
DA:16,0
DA:17,0
DA:18,0
DA:19,0
DA:27,0
DA:28,0
DA:29,0
DA:30,0
DA:34,0
DA:36,0
DA:37,0
DA:39,0
DA:41,0
DA:42,0
DA:43,0
DA:48,0
DA:49,0
DA:50,0
DA:51,0
DA:52,0
DA:56,0
DA:57,0
DA:58,0
DA:59,0
DA:60,0
DA:64,0
DA:65,0
DA:66,0
DA:70,0
DA:71,0
DA:72,0
DA:73,0
DA:74,0
DA:75,0
DA:79,0
DA:82,0
DA:86,0
DA:91,0
DA:92,0
DA:95,0
DA:97,0
DA:98,0
LF:50
LH:0
BRDA:15,0,0,0
BRDA:17,1,0,0
BRDA:17,1,1,0
BRDA:34,2,0,0
BRDA:34,3,0,0
BRDA:34,3,1,0
BRDA:48,4,0,0
BRDA:49,5,0,0
BRDA:49,5,1,0
BRDA:56,6,0,0
BRDA:58,7,0,0
BRDA:64,8,0,0
BRDA:71,9,0,0
BRDA:71,9,1,0
BRDA:74,10,0,0
BRF:15
BRH:0
end_of_record
TN:
SF:lib/core/reactive.ts
FN:17,(anonymous_0)
FN:19,(anonymous_1)
FN:26,(anonymous_2)
FN:38,(anonymous_3)
FN:54,(anonymous_4)
FN:70,(anonymous_5)
FN:71,(anonymous_6)
FN:82,(anonymous_7)
FN:84,(anonymous_8)
FN:90,(anonymous_9)
FN:111,(anonymous_10)
FN:120,(anonymous_11)
FN:125,reactive
FN:129,effect
FNF:14
FNH:14
FNDA:1,(anonymous_0)
FNDA:14,(anonymous_1)
FNDA:10,(anonymous_2)
FNDA:18,(anonymous_3)
FNDA:5,(anonymous_4)
FNDA:5,(anonymous_5)
FNDA:9,(anonymous_6)
FNDA:9,(anonymous_7)
FNDA:4,(anonymous_8)
FNDA:17,(anonymous_9)
FNDA:5,(anonymous_10)
FNDA:4,(anonymous_11)
FNDA:7,reactive
FNDA:5,effect
DA:8,2
DA:13,1
DA:14,1
DA:15,1
DA:20,14
DA:21,1
DA:23,14
DA:28,10
DA:29,1
DA:33,9
DA:34,2
DA:37,7
DA:40,18
DA:41,1
DA:44,17
DA:45,17
DA:47,17
DA:49,17
DA:50,3
DA:52,14
DA:55,5
DA:56,5
DA:58,5
DA:59,5
DA:61,5
DA:66,7
DA:67,7
DA:71,5
DA:73,9
DA:74,9
DA:75,9
DA:76,9
DA:78,5
DA:79,5
DA:84,9
DA:85,4
DA:87,9
DA:91,17
DA:93,8
DA:94,8
DA:95,3
DA:96,3
DA:99,8
DA:100,8
DA:101,3
DA:102,3
DA:105,8
DA:106,8
DA:107,8
DA:112,5
DA:113,5
DA:115,3
DA:116,3
DA:119,3
DA:120,4
DA:126,7
DA:130,5
LF:57
LH:57
BRDA:20,0,0,1
BRDA:28,1,0,1
BRDA:33,2,0,2
BRDA:40,3,0,1
BRDA:44,4,0,17
BRDA:49,5,0,3
BRDA:49,6,0,17
BRDA:49,6,1,9
BRDA:58,7,0,5
BRDA:91,8,0,9
BRDA:94,9,0,3
BRDA:100,10,0,3
BRDA:105,11,0,8
BRDA:113,12,0,2
BRDA:116,13,0,0
BRF:15
BRH:14
end_of_record
TN:
SF:lib/core/template.ts
FN:12,(anonymous_0)
FN:14,(anonymous_1)
FN:19,(anonymous_2)
FN:31,(anonymous_3)
FN:44,(anonymous_4)
FNF:5
FNH:0
FNDA:0,(anonymous_0)
FNDA:0,(anonymous_1)
FNDA:0,(anonymous_2)
FNDA:0,(anonymous_3)
FNDA:0,(anonymous_4)
DA:10,0
DA:12,0
DA:15,0
DA:16,0
DA:18,0
DA:19,0
DA:20,0
DA:21,0
DA:22,0
DA:23,0
DA:25,0
DA:31,0
DA:32,0
DA:33,0
DA:34,0
DA:38,0
DA:41,0
DA:45,0
LF:18
LH:0
BRDA:18,0,0,0
BRDA:18,0,1,0
BRF:2
BRH:0
end_of_record
TN:
SF:lib/style/StyleManager.ts
FN:12,(anonymous_0)
FN:17,(anonymous_1)
FN:22,(anonymous_2)
FN:27,(anonymous_3)
FN:32,(anonymous_4)
FN:34,(anonymous_5)
FN:41,(anonymous_6)
FN:44,(anonymous_7)
FN:55,(anonymous_8)
FNF:9
FNH:0
FNDA:0,(anonymous_0)
FNDA:0,(anonymous_1)
FNDA:0,(anonymous_2)
FNDA:0,(anonymous_3)
FNDA:0,(anonymous_4)
FNDA:0,(anonymous_5)
FNDA:0,(anonymous_6)
FNDA:0,(anonymous_7)
FNDA:0,(anonymous_8)
DA:9,0
DA:10,0
DA:13,0
DA:14,0
DA:18,0
DA:19,0
DA:23,0
DA:24,0
DA:28,0
DA:29,0
DA:33,0
DA:35,0
DA:36,0
DA:42,0
DA:44,0
DA:46,0
DA:49,0
DA:50,0
DA:54,0
DA:55,0
DA:56,0
DA:61,0
LF:22
LH:0
BRDA:49,0,0,0
BRDA:54,1,0,0
BRF:2
BRH:0
end_of_record
