TN:
SF:lib/core/reactive.ts
FN:17,(anonymous_0)
FN:19,(anonymous_1)
FN:26,(anonymous_2)
FN:38,(anonymous_3)
FN:54,(anonymous_4)
FN:70,(anonymous_5)
FN:71,(anonymous_6)
FN:82,(anonymous_7)
FN:84,(anonymous_8)
FN:90,(anonymous_9)
FN:111,(anonymous_10)
FN:120,(anonymous_11)
FN:125,reactive
FN:129,effect
FNF:14
FNH:14
FNDA:1,(anonymous_0)
FNDA:14,(anonymous_1)
FNDA:10,(anonymous_2)
FNDA:18,(anonymous_3)
FNDA:5,(anonymous_4)
FNDA:5,(anonymous_5)
FNDA:9,(anonymous_6)
FNDA:9,(anonymous_7)
FNDA:4,(anonymous_8)
FNDA:17,(anonymous_9)
FNDA:5,(anonymous_10)
FNDA:4,(anonymous_11)
FNDA:7,reactive
FNDA:5,effect
DA:8,1
DA:11,1
DA:13,1
DA:14,1
DA:15,1
DA:20,14
DA:21,1
DA:23,14
DA:28,10
DA:29,1
DA:33,9
DA:34,2
DA:37,7
DA:40,18
DA:41,1
DA:44,17
DA:45,17
DA:47,17
DA:49,17
DA:50,3
DA:52,14
DA:55,5
DA:56,5
DA:58,5
DA:59,5
DA:61,5
DA:66,7
DA:67,7
DA:71,5
DA:73,9
DA:74,9
DA:75,9
DA:76,9
DA:78,5
DA:79,5
DA:84,9
DA:85,4
DA:87,9
DA:91,17
DA:93,8
DA:94,8
DA:95,3
DA:96,3
DA:99,8
DA:100,8
DA:101,3
DA:102,3
DA:105,8
DA:106,8
DA:107,8
DA:112,5
DA:113,5
DA:115,3
DA:116,3
DA:119,3
DA:120,4
DA:125,1
DA:126,7
DA:129,1
DA:130,5
LF:60
LH:60
BRDA:20,0,0,1
BRDA:28,1,0,1
BRDA:33,2,0,2
BRDA:40,3,0,1
BRDA:44,4,0,17
BRDA:49,5,0,3
BRDA:49,6,0,17
BRDA:49,6,1,9
BRDA:58,7,0,5
BRDA:91,8,0,9
BRDA:94,9,0,3
BRDA:100,10,0,3
BRDA:105,11,0,8
BRDA:113,12,0,2
BRDA:116,13,0,0
BRF:15
BRH:14
end_of_record
